<?xml version="1.0" encoding="UTF-8"?>
<coverage generated="1577969888582" clover="3.2.0">
  <project timestamp="1577969888582" name="All files">
    <metrics statements="68" coveredstatements="66" conditionals="17" coveredconditionals="16" methods="24" coveredmethods="23" elements="109" coveredelements="105" complexity="0" loc="68" ncloc="68" packages="1" files="5" classes="5"/>
    <file name="constants.js" path="C:\Users\mnovelli\proyectos\PRUEBAS\CSSGAMEENGINE\src\constants.js">
      <metrics statements="1" coveredstatements="1" conditionals="0" coveredconditionals="0" methods="0" coveredmethods="0"/>
      <line num="1" count="2" type="stmt"/>
    </file>
    <file name="game.js" path="C:\Users\mnovelli\proyectos\PRUEBAS\CSSGAMEENGINE\src\game.js">
      <metrics statements="32" coveredstatements="30" conditionals="5" coveredconditionals="4" methods="10" coveredmethods="9"/>
      <line num="6" count="4" type="stmt"/>
      <line num="7" count="4" type="stmt"/>
      <line num="8" count="4" type="stmt"/>
      <line num="9" count="4" type="stmt"/>
      <line num="10" count="4" type="stmt"/>
      <line num="11" count="4" type="stmt"/>
      <line num="15" count="4" type="stmt"/>
      <line num="17" count="4" type="stmt"/>
      <line num="18" count="4" type="stmt"/>
      <line num="19" count="12" type="cond" truecount="3" falsecount="0"/>
      <line num="21" count="4" type="stmt"/>
      <line num="22" count="4" type="stmt"/>
      <line num="24" count="4" type="stmt"/>
      <line num="25" count="4" type="stmt"/>
      <line num="26" count="4" type="stmt"/>
      <line num="28" count="4" type="stmt"/>
      <line num="32" count="4" type="stmt"/>
      <line num="33" count="4" type="stmt"/>
      <line num="37" count="6" type="stmt"/>
      <line num="38" count="6" type="stmt"/>
      <line num="39" count="6" type="stmt"/>
      <line num="40" count="6" type="stmt"/>
      <line num="41" count="12" type="stmt"/>
      <line num="42" count="12" type="stmt"/>
      <line num="44" count="6" type="stmt"/>
      <line num="45" count="1" type="stmt"/>
      <line num="50" count="1" type="cond" truecount="1" falsecount="1"/>
      <line num="51" count="1" type="stmt"/>
      <line num="52" count="2" type="stmt"/>
      <line num="54" count="1" type="stmt"/>
      <line num="56" count="0" type="stmt"/>
      <line num="61" count="0" type="stmt"/>
    </file>
    <file name="gameObject.js" path="C:\Users\mnovelli\proyectos\PRUEBAS\CSSGAMEENGINE\src\gameObject.js">
      <metrics statements="1" coveredstatements="1" conditionals="0" coveredconditionals="0" methods="3" coveredmethods="3"/>
      <line num="3" count="23" type="stmt"/>
    </file>
    <file name="obstacle.js" path="C:\Users\mnovelli\proyectos\PRUEBAS\CSSGAMEENGINE\src\obstacle.js">
      <metrics statements="2" coveredstatements="2" conditionals="0" coveredconditionals="0" methods="1" coveredmethods="1"/>
      <line num="5" count="7" type="stmt"/>
      <line num="6" count="7" type="stmt"/>
    </file>
    <file name="player.js" path="C:\Users\mnovelli\proyectos\PRUEBAS\CSSGAMEENGINE\src\player.js">
      <metrics statements="32" coveredstatements="32" conditionals="12" coveredconditionals="12" methods="10" coveredmethods="10"/>
      <line num="6" count="14" type="stmt"/>
      <line num="7" count="14" type="stmt"/>
      <line num="11" count="14" type="stmt"/>
      <line num="12" count="14" type="stmt"/>
      <line num="13" count="14" type="stmt"/>
      <line num="14" count="14" type="stmt"/>
      <line num="15" count="14" type="stmt"/>
      <line num="17" count="14" type="stmt"/>
      <line num="21" count="5" type="cond" truecount="2" falsecount="0"/>
      <line num="22" count="4" type="stmt"/>
      <line num="26" count="11" type="stmt"/>
      <line num="27" count="11" type="stmt"/>
      <line num="28" count="11" type="cond" truecount="4" falsecount="0"/>
      <line num="30" count="1" type="stmt"/>
      <line num="31" count="1" type="stmt"/>
      <line num="34" count="7" type="stmt"/>
      <line num="35" count="7" type="stmt"/>
      <line num="38" count="2" type="stmt"/>
      <line num="39" count="2" type="stmt"/>
      <line num="42" count="1" type="stmt"/>
      <line num="43" count="1" type="stmt"/>
      <line num="46" count="11" type="cond" truecount="2" falsecount="0"/>
      <line num="47" count="10" type="stmt"/>
      <line num="49" count="1" type="stmt"/>
      <line num="54" count="2" type="cond" truecount="2" falsecount="0"/>
      <line num="55" count="1" type="stmt"/>
      <line num="56" count="1" type="stmt"/>
      <line num="57" count="1" type="stmt"/>
      <line num="61" count="11" type="stmt"/>
      <line num="62" count="7" type="cond" truecount="2" falsecount="0"/>
      <line num="67" count="1" type="stmt"/>
      <line num="68" count="1" type="stmt"/>
    </file>
  </project>
</coverage>
