{"C:\\Users\\mnovelli\\proyectos\\PRUEBAS\\CSSGAMEENGINE\\src\\game.js": {"path":"C:\\Users\\mnovelli\\proyectos\\PRUEBAS\\CSSGAMEENGINE\\src\\game.js","statementMap":{"0":{"start":{"line":6,"column":4},"end":{"line":6,"column":40}},"1":{"start":{"line":7,"column":4},"end":{"line":7,"column":23}},"2":{"start":{"line":8,"column":4},"end":{"line":8,"column":26}},"3":{"start":{"line":9,"column":4},"end":{"line":9,"column":22}},"4":{"start":{"line":10,"column":4},"end":{"line":10,"column":18}},"5":{"start":{"line":14,"column":22},"end":{"line":14,"column":24}},"6":{"start":{"line":16,"column":4},"end":{"line":30,"column":7}},"7":{"start":{"line":17,"column":6},"end":{"line":29,"column":9}},"8":{"start":{"line":18,"column":8},"end":{"line":28,"column":9}},"9":{"start":{"line":20,"column":12},"end":{"line":20,"column":68}},"10":{"start":{"line":21,"column":12},"end":{"line":21,"column":18}},"11":{"start":{"line":23,"column":12},"end":{"line":23,"column":53}},"12":{"start":{"line":24,"column":12},"end":{"line":24,"column":62}},"13":{"start":{"line":25,"column":12},"end":{"line":25,"column":18}},"14":{"start":{"line":27,"column":12},"end":{"line":27,"column":18}},"15":{"start":{"line":31,"column":4},"end":{"line":31,"column":33}},"16":{"start":{"line":32,"column":4},"end":{"line":32,"column":59}},"17":{"start":{"line":36,"column":16},"end":{"line":36,"column":33}},"18":{"start":{"line":37,"column":4},"end":{"line":37,"column":43}},"19":{"start":{"line":38,"column":4},"end":{"line":38,"column":26}},"20":{"start":{"line":39,"column":4},"end":{"line":42,"column":7}},"21":{"start":{"line":40,"column":6},"end":{"line":40,"column":44}},"22":{"start":{"line":41,"column":6},"end":{"line":41,"column":40}},"23":{"start":{"line":43,"column":4},"end":{"line":43,"column":39}},"24":{"start":{"line":43,"column":21},"end":{"line":43,"column":34}},"25":{"start":{"line":47,"column":4},"end":{"line":49,"column":7}},"26":{"start":{"line":48,"column":6},"end":{"line":48,"column":26}},"27":{"start":{"line":50,"column":4},"end":{"line":50,"column":18}},"28":{"start":{"line":54,"column":4},"end":{"line":54,"column":28}}},"fnMap":{"0":{"name":"(anonymous_0)","decl":{"start":{"line":5,"column":2},"end":{"line":5,"column":3}},"loc":{"start":{"line":5,"column":23},"end":{"line":11,"column":3}},"line":5},"1":{"name":"(anonymous_1)","decl":{"start":{"line":13,"column":2},"end":{"line":13,"column":3}},"loc":{"start":{"line":13,"column":16},"end":{"line":33,"column":3}},"line":13},"2":{"name":"(anonymous_2)","decl":{"start":{"line":16,"column":26},"end":{"line":16,"column":27}},"loc":{"start":{"line":16,"column":38},"end":{"line":30,"column":5}},"line":16},"3":{"name":"(anonymous_3)","decl":{"start":{"line":17,"column":18},"end":{"line":17,"column":19}},"loc":{"start":{"line":17,"column":31},"end":{"line":29,"column":7}},"line":17},"4":{"name":"(anonymous_4)","decl":{"start":{"line":35,"column":2},"end":{"line":35,"column":3}},"loc":{"start":{"line":35,"column":12},"end":{"line":44,"column":3}},"line":35},"5":{"name":"(anonymous_5)","decl":{"start":{"line":39,"column":29},"end":{"line":39,"column":30}},"loc":{"start":{"line":39,"column":45},"end":{"line":42,"column":5}},"line":39},"6":{"name":"(anonymous_6)","decl":{"start":{"line":43,"column":15},"end":{"line":43,"column":16}},"loc":{"start":{"line":43,"column":21},"end":{"line":43,"column":34}},"line":43},"7":{"name":"(anonymous_7)","decl":{"start":{"line":46,"column":2},"end":{"line":46,"column":3}},"loc":{"start":{"line":46,"column":12},"end":{"line":51,"column":3}},"line":46},"8":{"name":"(anonymous_8)","decl":{"start":{"line":47,"column":29},"end":{"line":47,"column":30}},"loc":{"start":{"line":47,"column":45},"end":{"line":49,"column":5}},"line":47},"9":{"name":"(anonymous_9)","decl":{"start":{"line":53,"column":2},"end":{"line":53,"column":3}},"loc":{"start":{"line":53,"column":18},"end":{"line":55,"column":3}},"line":53}},"branchMap":{"0":{"loc":{"start":{"line":18,"column":8},"end":{"line":28,"column":9}},"type":"switch","locations":[{"start":{"line":19,"column":10},"end":{"line":21,"column":18}},{"start":{"line":22,"column":10},"end":{"line":25,"column":18}},{"start":{"line":26,"column":10},"end":{"line":27,"column":18}}],"line":18}},"s":{"0":4,"1":4,"2":4,"3":4,"4":4,"5":4,"6":4,"7":4,"8":12,"9":4,"10":4,"11":4,"12":4,"13":4,"14":4,"15":4,"16":4,"17":6,"18":6,"19":6,"20":6,"21":12,"22":12,"23":6,"24":1,"25":1,"26":2,"27":1,"28":0},"f":{"0":4,"1":4,"2":4,"3":12,"4":6,"5":12,"6":1,"7":1,"8":2,"9":0},"b":{"0":[4,4,4]},"_coverageSchema":"43e27e138ebf9cfc5966b082cf9a028302ed4184","hash":"829c92f6a78b85687b258e007c7c4e237229ae29"}
,"C:\\Users\\mnovelli\\proyectos\\PRUEBAS\\CSSGAMEENGINE\\src\\gameObject.js": {"path":"C:\\Users\\mnovelli\\proyectos\\PRUEBAS\\CSSGAMEENGINE\\src\\gameObject.js","statementMap":{"0":{"start":{"line":3,"column":4},"end":{"line":3,"column":57}}},"fnMap":{"0":{"name":"(anonymous_0)","decl":{"start":{"line":2,"column":2},"end":{"line":2,"column":3}},"loc":{"start":{"line":2,"column":26},"end":{"line":4,"column":3}},"line":2},"1":{"name":"(anonymous_1)","decl":{"start":{"line":6,"column":2},"end":{"line":6,"column":3}},"loc":{"start":{"line":6,"column":21},"end":{"line":6,"column":23}},"line":6},"2":{"name":"(anonymous_2)","decl":{"start":{"line":8,"column":2},"end":{"line":8,"column":3}},"loc":{"start":{"line":8,"column":12},"end":{"line":8,"column":14}},"line":8}},"branchMap":{},"s":{"0":23},"f":{"0":23,"1":6,"2":1},"b":{},"_coverageSchema":"43e27e138ebf9cfc5966b082cf9a028302ed4184","hash":"44336f5977b7837b5708b446c2a48c86f59fe8eb"}
,"C:\\Users\\mnovelli\\proyectos\\PRUEBAS\\CSSGAMEENGINE\\src\\obstacle.js": {"path":"C:\\Users\\mnovelli\\proyectos\\PRUEBAS\\CSSGAMEENGINE\\src\\obstacle.js","statementMap":{"0":{"start":{"line":5,"column":4},"end":{"line":5,"column":21}},"1":{"start":{"line":6,"column":4},"end":{"line":6,"column":29}}},"fnMap":{"0":{"name":"(anonymous_0)","decl":{"start":{"line":4,"column":2},"end":{"line":4,"column":3}},"loc":{"start":{"line":4,"column":32},"end":{"line":7,"column":3}},"line":4}},"branchMap":{},"s":{"0":7,"1":7},"f":{"0":7},"b":{},"_coverageSchema":"43e27e138ebf9cfc5966b082cf9a028302ed4184","hash":"87ed940bbd6aa216a526a17dda3986891dee5f04"}
,"C:\\Users\\mnovelli\\proyectos\\PRUEBAS\\CSSGAMEENGINE\\src\\player.js": {"path":"C:\\Users\\mnovelli\\proyectos\\PRUEBAS\\CSSGAMEENGINE\\src\\player.js","statementMap":{"0":{"start":{"line":6,"column":4},"end":{"line":6,"column":21}},"1":{"start":{"line":7,"column":4},"end":{"line":7,"column":16}},"2":{"start":{"line":11,"column":4},"end":{"line":11,"column":35}},"3":{"start":{"line":12,"column":4},"end":{"line":12,"column":37}},"4":{"start":{"line":13,"column":4},"end":{"line":13,"column":19}},"5":{"start":{"line":14,"column":4},"end":{"line":14,"column":24}},"6":{"start":{"line":15,"column":4},"end":{"line":15,"column":33}},"7":{"start":{"line":17,"column":4},"end":{"line":17,"column":58}},"8":{"start":{"line":17,"column":34},"end":{"line":17,"column":57}},"9":{"start":{"line":21,"column":4},"end":{"line":21,"column":107}},"10":{"start":{"line":21,"column":98},"end":{"line":21,"column":105}},"11":{"start":{"line":22,"column":4},"end":{"line":22,"column":33}},"12":{"start":{"line":26,"column":21},"end":{"line":26,"column":52}},"13":{"start":{"line":27,"column":25},"end":{"line":27,"column":45}},"14":{"start":{"line":28,"column":4},"end":{"line":44,"column":5}},"15":{"start":{"line":30,"column":8},"end":{"line":30,"column":35}},"16":{"start":{"line":31,"column":8},"end":{"line":31,"column":14}},"17":{"start":{"line":34,"column":8},"end":{"line":34,"column":35}},"18":{"start":{"line":35,"column":8},"end":{"line":35,"column":14}},"19":{"start":{"line":38,"column":8},"end":{"line":38,"column":35}},"20":{"start":{"line":39,"column":8},"end":{"line":39,"column":14}},"21":{"start":{"line":42,"column":8},"end":{"line":42,"column":35}},"22":{"start":{"line":43,"column":8},"end":{"line":43,"column":14}},"23":{"start":{"line":46,"column":4},"end":{"line":50,"column":5}},"24":{"start":{"line":47,"column":6},"end":{"line":47,"column":35}},"25":{"start":{"line":49,"column":6},"end":{"line":49,"column":29}},"26":{"start":{"line":54,"column":4},"end":{"line":54,"column":37}},"27":{"start":{"line":54,"column":28},"end":{"line":54,"column":35}},"28":{"start":{"line":55,"column":4},"end":{"line":55,"column":44}},"29":{"start":{"line":56,"column":4},"end":{"line":56,"column":88}},"30":{"start":{"line":57,"column":4},"end":{"line":57,"column":87}},"31":{"start":{"line":61,"column":4},"end":{"line":65,"column":7}},"32":{"start":{"line":62,"column":25},"end":{"line":62,"column":105}},"33":{"start":{"line":63,"column":6},"end":{"line":63,"column":48}},"34":{"start":{"line":63,"column":23},"end":{"line":63,"column":46}},"35":{"start":{"line":64,"column":6},"end":{"line":64,"column":23}},"36":{"start":{"line":69,"column":4},"end":{"line":71,"column":7}},"37":{"start":{"line":70,"column":6},"end":{"line":70,"column":17}}},"fnMap":{"0":{"name":"(anonymous_0)","decl":{"start":{"line":5,"column":2},"end":{"line":5,"column":3}},"loc":{"start":{"line":5,"column":26},"end":{"line":8,"column":3}},"line":5},"1":{"name":"(anonymous_1)","decl":{"start":{"line":10,"column":2},"end":{"line":10,"column":3}},"loc":{"start":{"line":10,"column":10},"end":{"line":18,"column":3}},"line":10},"2":{"name":"(anonymous_2)","decl":{"start":{"line":17,"column":25},"end":{"line":17,"column":26}},"loc":{"start":{"line":17,"column":34},"end":{"line":17,"column":57}},"line":17},"3":{"name":"(anonymous_3)","decl":{"start":{"line":20,"column":2},"end":{"line":20,"column":3}},"loc":{"start":{"line":20,"column":22},"end":{"line":23,"column":3}},"line":20},"4":{"name":"(anonymous_4)","decl":{"start":{"line":25,"column":2},"end":{"line":25,"column":3}},"loc":{"start":{"line":25,"column":21},"end":{"line":51,"column":3}},"line":25},"5":{"name":"(anonymous_5)","decl":{"start":{"line":53,"column":2},"end":{"line":53,"column":3}},"loc":{"start":{"line":53,"column":12},"end":{"line":58,"column":3}},"line":53},"6":{"name":"(anonymous_6)","decl":{"start":{"line":60,"column":2},"end":{"line":60,"column":3}},"loc":{"start":{"line":60,"column":34},"end":{"line":66,"column":3}},"line":60},"7":{"name":"(anonymous_7)","decl":{"start":{"line":61,"column":31},"end":{"line":61,"column":32}},"loc":{"start":{"line":61,"column":45},"end":{"line":65,"column":5}},"line":61},"8":{"name":"(anonymous_8)","decl":{"start":{"line":68,"column":2},"end":{"line":68,"column":3}},"loc":{"start":{"line":68,"column":21},"end":{"line":72,"column":3}},"line":68},"9":{"name":"(anonymous_9)","decl":{"start":{"line":69,"column":36},"end":{"line":69,"column":37}},"loc":{"start":{"line":69,"column":50},"end":{"line":71,"column":5}},"line":69}},"branchMap":{"0":{"loc":{"start":{"line":21,"column":4},"end":{"line":21,"column":107}},"type":"if","locations":[{"start":{"line":21,"column":4},"end":{"line":21,"column":107}},{"start":{"line":21,"column":4},"end":{"line":21,"column":107}}],"line":21},"1":{"loc":{"start":{"line":28,"column":4},"end":{"line":44,"column":5}},"type":"switch","locations":[{"start":{"line":29,"column":6},"end":{"line":31,"column":14}},{"start":{"line":33,"column":6},"end":{"line":35,"column":14}},{"start":{"line":37,"column":6},"end":{"line":39,"column":14}},{"start":{"line":41,"column":6},"end":{"line":43,"column":14}}],"line":28},"2":{"loc":{"start":{"line":46,"column":4},"end":{"line":50,"column":5}},"type":"if","locations":[{"start":{"line":46,"column":4},"end":{"line":50,"column":5}},{"start":{"line":46,"column":4},"end":{"line":50,"column":5}}],"line":46},"3":{"loc":{"start":{"line":54,"column":4},"end":{"line":54,"column":37}},"type":"if","locations":[{"start":{"line":54,"column":4},"end":{"line":54,"column":37}},{"start":{"line":54,"column":4},"end":{"line":54,"column":37}}],"line":54},"4":{"loc":{"start":{"line":62,"column":25},"end":{"line":62,"column":105}},"type":"binary-expr","locations":[{"start":{"line":62,"column":25},"end":{"line":62,"column":63}},{"start":{"line":62,"column":67},"end":{"line":62,"column":105}}],"line":62},"5":{"loc":{"start":{"line":63,"column":6},"end":{"line":63,"column":48}},"type":"if","locations":[{"start":{"line":63,"column":6},"end":{"line":63,"column":48}},{"start":{"line":63,"column":6},"end":{"line":63,"column":48}}],"line":63}},"s":{"0":14,"1":14,"2":14,"3":14,"4":14,"5":14,"6":14,"7":14,"8":5,"9":5,"10":1,"11":4,"12":11,"13":11,"14":11,"15":1,"16":1,"17":7,"18":7,"19":2,"20":2,"21":1,"22":1,"23":11,"24":10,"25":1,"26":2,"27":1,"28":1,"29":1,"30":1,"31":11,"32":7,"33":7,"34":1,"35":7,"36":1,"37":2},"f":{"0":14,"1":14,"2":5,"3":5,"4":11,"5":2,"6":11,"7":7,"8":1,"9":2},"b":{"0":[1,4],"1":[1,7,2,1],"2":[10,1],"3":[1,1],"4":[7,1],"5":[1,6]},"_coverageSchema":"43e27e138ebf9cfc5966b082cf9a028302ed4184","hash":"2afdb0e802a455c9b545b7b9e08927fab8fd202b"}
}
