{"C:\\Users\\mnovelli\\proyectos\\PRUEBAS\\CSSGAMEENGINE\\src\\constants.js": {"path":"C:\\Users\\mnovelli\\proyectos\\PRUEBAS\\CSSGAMEENGINE\\src\\constants.js","statementMap":{"0":{"start":{"line":1,"column":18},"end":{"line":6,"column":1}}},"fnMap":{},"branchMap":{},"s":{"0":1},"f":{},"b":{},"_coverageSchema":"43e27e138ebf9cfc5966b082cf9a028302ed4184","hash":"1fa6e7b05f3835a5a6598239aa8a1a29b72c0081"}
,"C:\\Users\\mnovelli\\proyectos\\PRUEBAS\\CSSGAMEENGINE\\src\\gameObject.js": {"path":"C:\\Users\\mnovelli\\proyectos\\PRUEBAS\\CSSGAMEENGINE\\src\\gameObject.js","statementMap":{"0":{"start":{"line":3,"column":4},"end":{"line":3,"column":57}},"1":{"start":{"line":4,"column":4},"end":{"line":4,"column":40}},"2":{"start":{"line":5,"column":4},"end":{"line":5,"column":23}},"3":{"start":{"line":6,"column":4},"end":{"line":12,"column":10}},"4":{"start":{"line":7,"column":18},"end":{"line":7,"column":35}},"5":{"start":{"line":8,"column":6},"end":{"line":8,"column":45}},"6":{"start":{"line":9,"column":6},"end":{"line":9,"column":28}},"7":{"start":{"line":10,"column":6},"end":{"line":10,"column":34}},"8":{"start":{"line":11,"column":6},"end":{"line":11,"column":20}}},"fnMap":{"0":{"name":"(anonymous_0)","decl":{"start":{"line":2,"column":2},"end":{"line":2,"column":3}},"loc":{"start":{"line":2,"column":26},"end":{"line":13,"column":3}},"line":2},"1":{"name":"(anonymous_1)","decl":{"start":{"line":6,"column":16},"end":{"line":6,"column":17}},"loc":{"start":{"line":6,"column":22},"end":{"line":12,"column":5}},"line":6},"2":{"name":"(anonymous_2)","decl":{"start":{"line":15,"column":2},"end":{"line":15,"column":3}},"loc":{"start":{"line":15,"column":21},"end":{"line":15,"column":23}},"line":15},"3":{"name":"(anonymous_3)","decl":{"start":{"line":17,"column":2},"end":{"line":17,"column":3}},"loc":{"start":{"line":17,"column":12},"end":{"line":17,"column":14}},"line":17}},"branchMap":{},"s":{"0":7,"1":7,"2":7,"3":7,"4":0,"5":0,"6":0,"7":0,"8":0},"f":{"0":7,"1":0,"2":0,"3":0},"b":{},"_coverageSchema":"43e27e138ebf9cfc5966b082cf9a028302ed4184","hash":"bed262c12cc42813c4265c78e3915dd27c6839f4"}
,"C:\\Users\\mnovelli\\proyectos\\PRUEBAS\\CSSGAMEENGINE\\src\\player.js": {"path":"C:\\Users\\mnovelli\\proyectos\\PRUEBAS\\CSSGAMEENGINE\\src\\player.js","statementMap":{"0":{"start":{"line":6,"column":4},"end":{"line":6,"column":21}},"1":{"start":{"line":7,"column":4},"end":{"line":7,"column":16}},"2":{"start":{"line":11,"column":4},"end":{"line":11,"column":35}},"3":{"start":{"line":12,"column":4},"end":{"line":12,"column":37}},"4":{"start":{"line":13,"column":4},"end":{"line":13,"column":19}},"5":{"start":{"line":14,"column":4},"end":{"line":17,"column":6}},"6":{"start":{"line":15,"column":6},"end":{"line":15,"column":109}},"7":{"start":{"line":15,"column":100},"end":{"line":15,"column":107}},"8":{"start":{"line":16,"column":6},"end":{"line":16,"column":35}},"9":{"start":{"line":21,"column":21},"end":{"line":21,"column":52}},"10":{"start":{"line":22,"column":4},"end":{"line":38,"column":5}},"11":{"start":{"line":24,"column":8},"end":{"line":24,"column":36}},"12":{"start":{"line":25,"column":8},"end":{"line":25,"column":14}},"13":{"start":{"line":28,"column":8},"end":{"line":28,"column":36}},"14":{"start":{"line":29,"column":8},"end":{"line":29,"column":14}},"15":{"start":{"line":32,"column":8},"end":{"line":32,"column":36}},"16":{"start":{"line":33,"column":8},"end":{"line":33,"column":14}},"17":{"start":{"line":36,"column":8},"end":{"line":36,"column":36}},"18":{"start":{"line":37,"column":8},"end":{"line":37,"column":14}},"19":{"start":{"line":42,"column":4},"end":{"line":42,"column":37}},"20":{"start":{"line":42,"column":28},"end":{"line":42,"column":35}},"21":{"start":{"line":43,"column":4},"end":{"line":43,"column":44}},"22":{"start":{"line":44,"column":4},"end":{"line":44,"column":88}},"23":{"start":{"line":45,"column":4},"end":{"line":45,"column":87}}},"fnMap":{"0":{"name":"(anonymous_0)","decl":{"start":{"line":5,"column":2},"end":{"line":5,"column":3}},"loc":{"start":{"line":5,"column":26},"end":{"line":8,"column":3}},"line":5},"1":{"name":"(anonymous_1)","decl":{"start":{"line":10,"column":2},"end":{"line":10,"column":3}},"loc":{"start":{"line":10,"column":10},"end":{"line":18,"column":3}},"line":10},"2":{"name":"(anonymous_2)","decl":{"start":{"line":14,"column":25},"end":{"line":14,"column":26}},"loc":{"start":{"line":14,"column":34},"end":{"line":17,"column":5}},"line":14},"3":{"name":"(anonymous_3)","decl":{"start":{"line":20,"column":2},"end":{"line":20,"column":3}},"loc":{"start":{"line":20,"column":21},"end":{"line":39,"column":3}},"line":20},"4":{"name":"(anonymous_4)","decl":{"start":{"line":41,"column":2},"end":{"line":41,"column":3}},"loc":{"start":{"line":41,"column":12},"end":{"line":46,"column":3}},"line":41}},"branchMap":{"0":{"loc":{"start":{"line":15,"column":6},"end":{"line":15,"column":109}},"type":"if","locations":[{"start":{"line":15,"column":6},"end":{"line":15,"column":109}},{"start":{"line":15,"column":6},"end":{"line":15,"column":109}}],"line":15},"1":{"loc":{"start":{"line":22,"column":4},"end":{"line":38,"column":5}},"type":"switch","locations":[{"start":{"line":23,"column":6},"end":{"line":25,"column":14}},{"start":{"line":27,"column":6},"end":{"line":29,"column":14}},{"start":{"line":31,"column":6},"end":{"line":33,"column":14}},{"start":{"line":35,"column":6},"end":{"line":37,"column":14}}],"line":22},"2":{"loc":{"start":{"line":42,"column":4},"end":{"line":42,"column":37}},"type":"if","locations":[{"start":{"line":42,"column":4},"end":{"line":42,"column":37}},{"start":{"line":42,"column":4},"end":{"line":42,"column":37}}],"line":42}},"s":{"0":7,"1":7,"2":7,"3":7,"4":7,"5":7,"6":5,"7":1,"8":4,"9":4,"10":4,"11":1,"12":1,"13":1,"14":1,"15":1,"16":1,"17":1,"18":1,"19":2,"20":1,"21":1,"22":1,"23":1},"f":{"0":7,"1":7,"2":5,"3":4,"4":2},"b":{"0":[1,4],"1":[1,1,1,1],"2":[1,1]},"_coverageSchema":"43e27e138ebf9cfc5966b082cf9a028302ed4184","hash":"2798f80e559702ad95d40ca858f2aa5e3b4319ab"}
}
