TN:
SF:C:\Users\mnovelli\proyectos\PRUEBAS\CSSGAMEENGINE\src\constants.js
FNF:0
FNH:0
DA:1,2
LF:1
LH:1
BRF:0
BRH:0
end_of_record
TN:
SF:C:\Users\mnovelli\proyectos\PRUEBAS\CSSGAMEENGINE\src\game.js
FN:5,(anonymous_0)
FN:14,(anonymous_1)
FN:17,(anonymous_2)
FN:18,(anonymous_3)
FN:24,(anonymous_4)
FN:45,(anonymous_5)
FN:49,(anonymous_6)
FN:53,(anonymous_7)
FN:58,(anonymous_8)
FN:60,(anonymous_9)
FN:69,(anonymous_10)
FNF:11
FNH:11
FNDA:6,(anonymous_0)
FNDA:6,(anonymous_1)
FNDA:6,(anonymous_2)
FNDA:18,(anonymous_3)
FNDA:12,(anonymous_4)
FNDA:9,(anonymous_5)
FNDA:27,(anonymous_6)
FNDA:1,(anonymous_7)
FNDA:3,(anonymous_8)
FNDA:6,(anonymous_9)
FNDA:1,(anonymous_10)
DA:6,6
DA:7,6
DA:8,6
DA:9,6
DA:10,6
DA:11,6
DA:15,6
DA:16,6
DA:17,6
DA:18,6
DA:19,18
DA:20,6
DA:24,6
DA:25,12
DA:28,6
DA:29,6
DA:30,6
DA:31,6
DA:33,6
DA:36,6
DA:37,6
DA:39,6
DA:42,6
DA:46,9
DA:47,9
DA:48,9
DA:49,9
DA:50,27
DA:51,27
DA:53,9
DA:54,1
DA:59,3
DA:60,2
DA:61,6
DA:63,2
DA:65,1
DA:70,1
LF:37
LH:37
BRDA:19,0,0,6
BRDA:19,0,1,12
BRDA:25,1,0,6
BRDA:25,1,1,6
BRDA:59,2,0,2
BRDA:59,2,1,1
BRF:6
BRH:6
end_of_record
TN:
SF:C:\Users\mnovelli\proyectos\PRUEBAS\CSSGAMEENGINE\src\gameObject.js
FN:2,(anonymous_0)
FN:6,(anonymous_1)
FN:8,(anonymous_2)
FNF:3
FNH:3
FNDA:34,(anonymous_0)
FNDA:9,(anonymous_1)
FNDA:2,(anonymous_2)
DA:3,34
LF:1
LH:1
BRF:0
BRH:0
end_of_record
TN:
SF:C:\Users\mnovelli\proyectos\PRUEBAS\CSSGAMEENGINE\src\obstacle.js
FN:4,(anonymous_0)
FNF:1
FNH:1
FNDA:9,(anonymous_0)
DA:5,9
DA:6,9
LF:2
LH:2
BRF:0
BRH:0
end_of_record
TN:
SF:C:\Users\mnovelli\proyectos\PRUEBAS\CSSGAMEENGINE\src\player.js
FN:5,(anonymous_0)
FN:10,(anonymous_1)
FN:18,(anonymous_2)
FN:21,(anonymous_3)
FN:26,(anonymous_4)
FN:48,(anonymous_5)
FN:57,(anonymous_6)
FN:64,(anonymous_7)
FN:65,(anonymous_8)
FN:70,(anonymous_9)
FN:71,(anonymous_10)
FNF:11
FNH:11
FNDA:23,(anonymous_0)
FNDA:23,(anonymous_1)
FNDA:5,(anonymous_2)
FNDA:5,(anonymous_3)
FNDA:23,(anonymous_4)
FNDA:2,(anonymous_5)
FNDA:4,(anonymous_6)
FNDA:23,(anonymous_7)
FNDA:10,(anonymous_8)
FNDA:1,(anonymous_9)
FNDA:2,(anonymous_10)
DA:6,23
DA:7,23
DA:11,23
DA:12,23
DA:13,23
DA:14,23
DA:15,23
DA:16,23
DA:18,23
DA:22,5
DA:23,4
DA:27,23
DA:28,23
DA:29,23
DA:31,1
DA:32,1
DA:35,19
DA:36,19
DA:39,2
DA:40,2
DA:43,1
DA:44,1
DA:47,23
DA:48,22
DA:49,2
DA:51,22
DA:53,1
DA:58,4
DA:59,1
DA:60,1
DA:61,1
DA:65,23
DA:66,10
DA:71,1
DA:72,2
LF:35
LH:35
BRDA:22,0,0,1
BRDA:22,0,1,4
BRDA:29,1,0,1
BRDA:29,1,1,19
BRDA:29,1,2,2
BRDA:29,1,3,1
BRDA:47,2,0,22
BRDA:47,2,1,1
BRDA:58,3,0,3
BRDA:58,3,1,1
BRDA:66,4,0,10
BRDA:66,4,1,1
BRF:12
BRH:12
end_of_record
