TN:
SF:C:\Users\mnovelli\proyectos\PRUEBAS\CSSGAMEENGINE\src\constants.js
FNF:0
FNH:0
DA:1,2
LF:1
LH:1
BRF:0
BRH:0
end_of_record
TN:
SF:C:\Users\mnovelli\proyectos\PRUEBAS\CSSGAMEENGINE\src\game.js
FN:5,(anonymous_0)
FN:14,(anonymous_1)
FN:17,(anonymous_2)
FN:18,(anonymous_3)
FN:36,(anonymous_4)
FN:40,(anonymous_5)
FN:44,(anonymous_6)
FN:49,(anonymous_7)
FN:51,(anonymous_8)
FN:60,(anonymous_9)
FNF:10
FNH:9
FNDA:4,(anonymous_0)
FNDA:4,(anonymous_1)
FNDA:4,(anonymous_2)
FNDA:12,(anonymous_3)
FNDA:6,(anonymous_4)
FNDA:12,(anonymous_5)
FNDA:1,(anonymous_6)
FNDA:1,(anonymous_7)
FNDA:2,(anonymous_8)
FNDA:0,(anonymous_9)
DA:6,4
DA:7,4
DA:8,4
DA:9,4
DA:10,4
DA:11,4
DA:15,4
DA:17,4
DA:18,4
DA:19,12
DA:21,4
DA:22,4
DA:24,4
DA:25,4
DA:26,4
DA:28,4
DA:32,4
DA:33,4
DA:37,6
DA:38,6
DA:39,6
DA:40,6
DA:41,12
DA:42,12
DA:44,6
DA:45,1
DA:50,1
DA:51,1
DA:52,2
DA:54,1
DA:56,0
DA:61,0
LF:32
LH:30
BRDA:19,0,0,4
BRDA:19,0,1,4
BRDA:19,0,2,4
BRDA:50,1,0,1
BRDA:50,1,1,0
BRF:5
BRH:4
end_of_record
TN:
SF:C:\Users\mnovelli\proyectos\PRUEBAS\CSSGAMEENGINE\src\gameObject.js
FN:2,(anonymous_0)
FN:6,(anonymous_1)
FN:8,(anonymous_2)
FNF:3
FNH:3
FNDA:23,(anonymous_0)
FNDA:6,(anonymous_1)
FNDA:1,(anonymous_2)
DA:3,23
LF:1
LH:1
BRF:0
BRH:0
end_of_record
TN:
SF:C:\Users\mnovelli\proyectos\PRUEBAS\CSSGAMEENGINE\src\obstacle.js
FN:4,(anonymous_0)
FNF:1
FNH:1
FNDA:7,(anonymous_0)
DA:5,7
DA:6,7
LF:2
LH:2
BRF:0
BRH:0
end_of_record
TN:
SF:C:\Users\mnovelli\proyectos\PRUEBAS\CSSGAMEENGINE\src\player.js
FN:5,(anonymous_0)
FN:10,(anonymous_1)
FN:17,(anonymous_2)
FN:20,(anonymous_3)
FN:25,(anonymous_4)
FN:53,(anonymous_5)
FN:60,(anonymous_6)
FN:61,(anonymous_7)
FN:66,(anonymous_8)
FN:67,(anonymous_9)
FNF:10
FNH:10
FNDA:14,(anonymous_0)
FNDA:14,(anonymous_1)
FNDA:5,(anonymous_2)
FNDA:5,(anonymous_3)
FNDA:11,(anonymous_4)
FNDA:2,(anonymous_5)
FNDA:11,(anonymous_6)
FNDA:7,(anonymous_7)
FNDA:1,(anonymous_8)
FNDA:1,(anonymous_9)
DA:6,14
DA:7,14
DA:11,14
DA:12,14
DA:13,14
DA:14,14
DA:15,14
DA:17,14
DA:21,5
DA:22,4
DA:26,11
DA:27,11
DA:28,11
DA:30,1
DA:31,1
DA:34,7
DA:35,7
DA:38,2
DA:39,2
DA:42,1
DA:43,1
DA:46,11
DA:47,10
DA:49,1
DA:54,2
DA:55,1
DA:56,1
DA:57,1
DA:61,11
DA:62,7
DA:67,1
DA:68,1
LF:32
LH:32
BRDA:21,0,0,1
BRDA:21,0,1,4
BRDA:28,1,0,1
BRDA:28,1,1,7
BRDA:28,1,2,2
BRDA:28,1,3,1
BRDA:46,2,0,10
BRDA:46,2,1,1
BRDA:54,3,0,1
BRDA:54,3,1,1
BRDA:62,4,0,7
BRDA:62,4,1,2
BRF:12
BRH:12
end_of_record
